<?xml version="1.0" encoding="UTF-8"?>
<!-- Generated by org.testng.reporters.JUnitReportReporter -->
<testsuite hostname="KALAISELVAN" failures="0" tests="1" name="org.test.projectjan12.FaceBookLoginPage" time="9.881" errors="0" timestamp="20 Jan 2022 12:42:21 GMT" skipped="0">
  <testcase classname="org.test.projectjan12.FaceBookLoginPage" name="test" time="9.881"/>
</testsuite> <!-- org.test.projectjan12.FaceBookLoginPage -->
