<?xml version="1.0" encoding="UTF-8"?>
<!-- Generated by org.testng.reporters.JUnitReportReporter -->
<testsuite hostname="KALAISELVAN" failures="0" tests="1" name="org.test.amazon.Amazon" time="8.613" errors="0" timestamp="31 Jan 2022 17:23:46 GMT" skipped="0">
  <testcase classname="org.test.amazon.Amazon" name="test" time="8.613"/>
</testsuite> <!-- org.test.amazon.Amazon -->
