<?xml version="1.0" encoding="UTF-8"?>
<!-- Generated by org.testng.reporters.JUnitReportReporter -->
<testsuite hostname="KALAISELVAN" failures="0" tests="1" name="org.test.test.test.TestTestTest" time="7.934" errors="0" timestamp="15 Jan 2022 17:05:02 GMT" skipped="0">
  <testcase classname="org.test.test.test.TestTestTest" name="login" time="7.934"/>
</testsuite> <!-- org.test.test.test.TestTestTest -->
