<?xml version="1.0" encoding="UTF-8"?>
<!-- Generated by org.testng.reporters.JUnitReportReporter -->
<testsuite hostname="KALAISELVAN" failures="0" tests="4" name="org.test.insta.Instagram" time="18.181" errors="0" timestamp="01 Feb 2022 19:34:58 GMT" skipped="0">
  <testcase classname="org.test.insta.Instagram" name="test" time="4.583"/>
  <testcase classname="org.test.insta.Instagram" name="test" time="4.270"/>
  <testcase classname="org.test.insta.Instagram" name="test" time="4.119"/>
  <testcase classname="org.test.insta.Instagram" name="test" time="5.209"/>
</testsuite> <!-- org.test.insta.Instagram -->
