<?xml version="1.0" encoding="UTF-8"?>
<!-- Generated by org.testng.reporters.JUnitReportReporter -->
<testsuite hostname="KALAISELVAN" failures="0" tests="5" name="org.test.project.jan06.Projectjan0601" time="43.164" errors="0" timestamp="09 Jan 2022 08:13:50 GMT" skipped="0">
  <testcase classname="org.test.project.jan06.Projectjan0601" name="login" time="22.496"/>
  <testcase classname="org.test.project.jan06.Projectjan0601" name="booking" time="5.245"/>
  <testcase classname="org.test.project.jan06.Projectjan0601" name="checking" time="4.586"/>
  <testcase classname="org.test.project.jan06.Projectjan0601" name="address" time="3.943"/>
  <testcase classname="org.test.project.jan06.Projectjan0601" name="confirm" time="6.894"/>
</testsuite> <!-- org.test.project.jan06.Projectjan0601 -->
