<?xml version="1.0" encoding="UTF-8"?>
<!-- Generated by org.testng.reporters.JUnitReportReporter -->
<testsuite hostname="KALAISELVAN" failures="0" tests="16" name="org.test.project.jan10.ProjectJan10" time="96.285" errors="0" timestamp="14 Jan 2022 16:02:47 GMT" skipped="0">
  <testcase classname="org.test.project.jan10.ProjectJan10" name="login" time="4.285"/>
  <testcase classname="org.test.project.jan10.ProjectJan10" name="login" time="5.799"/>
  <testcase classname="org.test.project.jan10.ProjectJan10" name="login" time="29.063"/>
  <testcase classname="org.test.project.jan10.ProjectJan10" name="login" time="9.990"/>
  <testcase classname="org.test.project.jan10.ProjectJan10" name="booking" time="3.574"/>
  <testcase classname="org.test.project.jan10.ProjectJan10" name="booking" time="4.010"/>
  <testcase classname="org.test.project.jan10.ProjectJan10" name="booking" time="3.606"/>
  <testcase classname="org.test.project.jan10.ProjectJan10" name="booking" time="3.596"/>
  <testcase classname="org.test.project.jan10.ProjectJan10" name="booking1" time="2.217"/>
  <testcase classname="org.test.project.jan10.ProjectJan10" name="checking" time="4.615"/>
  <testcase classname="org.test.project.jan10.ProjectJan10" name="address" time="3.987"/>
  <testcase classname="org.test.project.jan10.ProjectJan10" name="address" time="3.710"/>
  <testcase classname="org.test.project.jan10.ProjectJan10" name="address" time="3.739"/>
  <testcase classname="org.test.project.jan10.ProjectJan10" name="address" time="3.708"/>
  <testcase classname="org.test.project.jan10.ProjectJan10" name="address1" time="0.072"/>
  <testcase classname="org.test.project.jan10.ProjectJan10" name="confirm" time="10.314"/>
</testsuite> <!-- org.test.project.jan10.ProjectJan10 -->
