<?xml version="1.0" encoding="UTF-8"?>
<!-- Generated by org.testng.reporters.JUnitReportReporter -->
<testsuite hostname="KALAISELVAN" failures="0" tests="1" name="org.test.projectjan12.ProjectJan12New2" time="57.113" errors="0" timestamp="18 Jan 2022 17:18:56 GMT" skipped="0">
  <testcase classname="org.test.projectjan12.ProjectJan12New2" name="login" time="57.113"/>
</testsuite> <!-- org.test.projectjan12.ProjectJan12New2 -->
