<?xml version="1.0" encoding="UTF-8"?>
<!-- Generated by org.testng.reporters.JUnitReportReporter -->
<testsuite hostname="KALAISELVAN" failures="0" tests="5" name="org.test.project21.Project21" time="36.613" errors="0" timestamp="09 Jan 2022 08:09:38 GMT" skipped="0">
  <testcase classname="org.test.project21.Project21" name="test1" time="16.263"/>
  <testcase classname="org.test.project21.Project21" name="test2" time="5.351"/>
  <testcase classname="org.test.project21.Project21" name="test3" time="4.061"/>
  <testcase classname="org.test.project21.Project21" name="test4" time="3.934"/>
  <testcase classname="org.test.project21.Project21" name="test5" time="7.004"/>
</testsuite> <!-- org.test.project21.Project21 -->
