<?xml version="1.0" encoding="UTF-8"?>
<!-- Generated by org.testng.reporters.JUnitReportReporter -->
<testsuite hostname="KALAISELVAN" failures="0" tests="2" name="org.test.projectjan12.ProjectJan12New1" time="0.000" errors="1" timestamp="18 Jan 2022 17:18:56 GMT" skipped="1">
  <testcase classname="org.test.projectjan12.ProjectJan12New1" name="login" time="0.000">
    <skipped/>
  </testcase> <!-- login -->
  <testcase classname="org.test.projectjan12.ProjectJan12New1" name="brforeClass" time="0.000">
    <error message="
Can inject only one of &lt;ITestContext, XmlTest&gt; into a @BeforeClass annotated brforeClass.
For more information on native dependency injection please refer to http://testng.org/doc/documentation-main.html#native-dependency-injection" type="org.testng.TestNGException">
      <![CDATA[org.testng.TestNGException: 
Can inject only one of <ITestContext, XmlTest> into a @BeforeClass annotated brforeClass.
For more information on native dependency injection please refer to http://testng.org/doc/documentation-main.html#native-dependency-injection
at org.testng.internal.Parameters.checkParameterTypes(Parameters.java:407)
at org.testng.internal.Parameters.createParametersForMethod(Parameters.java:356)
at org.testng.internal.Parameters.createParameters(Parameters.java:635)
at org.testng.internal.Parameters.createConfigurationParameters(Parameters.java:190)
at org.testng.internal.Invoker.invokeConfigurations(Invoker.java:209)
at org.testng.internal.Invoker.invokeConfigurations(Invoker.java:142)
at org.testng.internal.TestMethodWorker.invokeBeforeClassMethods(TestMethodWorker.java:168)
at org.testng.internal.TestMethodWorker.run(TestMethodWorker.java:105)
at java.base/java.util.concurrent.ThreadPoolExecutor.runWorker(ThreadPoolExecutor.java:1136)
at java.base/java.util.concurrent.ThreadPoolExecutor$Worker.run(ThreadPoolExecutor.java:635)
at java.base/java.lang.Thread.run(Thread.java:833)
]]>
    </error>
  </testcase> <!-- brforeClass -->
</testsuite> <!-- org.test.projectjan12.ProjectJan12New1 -->
