<?xml version="1.0" encoding="UTF-8"?>
<!-- Generated by org.testng.reporters.JUnitReportReporter -->
<testsuite hostname="KALAISELVAN" failures="0" tests="4" name="org.test.project.jan10.ProjectJan10new" time="158.041" errors="0" timestamp="14 Jan 2022 16:47:39 GMT" skipped="0">
  <testcase classname="org.test.project.jan10.ProjectJan10new" name="login" time="66.927"/>
  <testcase classname="org.test.project.jan10.ProjectJan10new" name="address" time="30.042"/>
  <testcase classname="org.test.project.jan10.ProjectJan10new" name="booking" time="31.688"/>
  <testcase classname="org.test.project.jan10.ProjectJan10new" name="date" time="29.384"/>
</testsuite> <!-- org.test.project.jan10.ProjectJan10new -->
