<?xml version="1.0" encoding="UTF-8"?>
<!-- Generated by org.testng.reporters.JUnitReportReporter -->
<testsuite hostname="KALAISELVAN" failures="0" tests="1" name="org.test.projectjan12.FaceBookLoginPage1" time="9.724" errors="0" timestamp="20 Jan 2022 12:42:21 GMT" skipped="0">
  <testcase classname="org.test.projectjan12.FaceBookLoginPage1" name="test" time="9.724"/>
</testsuite> <!-- org.test.projectjan12.FaceBookLoginPage1 -->
