<?xml version="1.0" encoding="UTF-8"?>
<!-- Generated by org.testng.reporters.JUnitReportReporter -->
<testsuite hostname="KALAISELVAN" failures="0" tests="1" name="org.test.flipkart.project1.FlipkartProject" time="27.841" errors="0" timestamp="25 Jan 2022 17:43:13 GMT" skipped="0">
  <testcase classname="org.test.flipkart.project1.FlipkartProject" name="test" time="27.841"/>
</testsuite> <!-- org.test.flipkart.project1.FlipkartProject -->
