<?xml version="1.0" encoding="UTF-8"?>
<!-- Generated by org.testng.reporters.JUnitReportReporter -->
<testsuite hostname="KALAISELVAN" failures="0" tests="1" name="org.test.project.jan11.ProjectJan11new" time="145.303" errors="0" timestamp="15 Jan 2022 17:28:50 GMT" skipped="0">
  <testcase classname="org.test.project.jan11.ProjectJan11new" name="address" time="145.303"/>
</testsuite> <!-- org.test.project.jan11.ProjectJan11new -->
