<?xml version="1.0" encoding="UTF-8"?>
<!-- Generated by org.testng.reporters.JUnitReportReporter -->
<testsuite hostname="KALAISELVAN" failures="0" tests="5" name="org.test.project.jan06.Projectjan06" time="36.204" errors="0" timestamp="06 Jan 2022 16:37:13 GMT" skipped="0">
  <testcase classname="org.test.project.jan06.Projectjan06" name="login" time="15.327"/>
  <testcase classname="org.test.project.jan06.Projectjan06" name="booking" time="5.976"/>
  <testcase classname="org.test.project.jan06.Projectjan06" name="checking" time="4.131"/>
  <testcase classname="org.test.project.jan06.Projectjan06" name="address" time="3.847"/>
  <testcase classname="org.test.project.jan06.Projectjan06" name="confirm" time="6.923"/>
</testsuite> <!-- org.test.project.jan06.Projectjan06 -->
