<?xml version="1.0" encoding="UTF-8"?>
<!-- Generated by org.testng.reporters.JUnitReportReporter -->
<testsuite hostname="KALAISELVAN" failures="0" tests="1" name="org.test.flipkart.project1.Facebook" time="7.715" errors="0" timestamp="01 Feb 2022 16:11:24 GMT" skipped="0">
  <testcase classname="org.test.flipkart.project1.Facebook" name="test" time="7.715"/>
</testsuite> <!-- org.test.flipkart.project1.Facebook -->
